<?xml version="1.0" encoding="UTF-8"?>
<coverage generated="1596552875642" clover="3.2.0">
  <project timestamp="1596552875642" name="All files">
    <metrics statements="50" coveredstatements="32" conditionals="17" coveredconditionals="11" methods="18" coveredmethods="6" elements="85" coveredelements="49" complexity="0" loc="50" ncloc="50" packages="5" files="7" classes="7"/>
    <package name="Adapter">
      <metrics statements="14" coveredstatements="7" conditionals="2" coveredconditionals="0" methods="7" coveredmethods="1"/>
      <file name="Adapter.js" path="/Users/jordan.quinn/ayx-ui-sdk/src/Adapter/Adapter.js">
        <metrics statements="14" coveredstatements="7" conditionals="2" coveredconditionals="0" methods="7" coveredmethods="1"/>
        <line num="6" count="1" type="stmt"/>
        <line num="7" count="1" type="stmt"/>
        <line num="8" count="1" type="stmt"/>
        <line num="9" count="1" type="stmt"/>
        <line num="10" count="0" type="cond" truecount="0" falsecount="2"/>
        <line num="11" count="0" type="stmt"/>
        <line num="14" count="1" type="stmt"/>
        <line num="15" count="0" type="stmt"/>
        <line num="19" count="1" type="stmt"/>
        <line num="20" count="0" type="stmt"/>
        <line num="23" count="1" type="stmt"/>
        <line num="24" count="0" type="stmt"/>
        <line num="28" count="0" type="stmt"/>
        <line num="32" count="0" type="stmt"/>
      </file>
    </package>
    <package name="Context">
      <metrics statements="1" coveredstatements="1" conditionals="0" coveredconditionals="0" methods="0" coveredmethods="0"/>
      <file name="index.js" path="/Users/jordan.quinn/ayx-ui-sdk/src/Context/index.js">
        <metrics statements="1" coveredstatements="1" conditionals="0" coveredconditionals="0" methods="0" coveredmethods="0"/>
        <line num="3" count="1" type="stmt"/>
      </file>
    </package>
    <package name="Core.AyxAppWrapper">
      <metrics statements="0" coveredstatements="0" conditionals="0" coveredconditionals="0" methods="0" coveredmethods="0"/>
      <file name="index.js" path="/Users/jordan.quinn/ayx-ui-sdk/src/Core/AyxAppWrapper/index.js">
        <metrics statements="0" coveredstatements="0" conditionals="0" coveredconditionals="0" methods="0" coveredmethods="0"/>
      </file>
    </package>
    <package name="Provider">
      <metrics statements="20" coveredstatements="16" conditionals="9" coveredconditionals="6" methods="5" coveredmethods="2"/>
      <file name="Provider.js" path="/Users/jordan.quinn/ayx-ui-sdk/src/Provider/Provider.js">
        <metrics statements="20" coveredstatements="16" conditionals="9" coveredconditionals="6" methods="5" coveredmethods="2"/>
        <line num="10" count="1" type="stmt"/>
        <line num="11" count="4" type="stmt"/>
        <line num="12" count="4" type="stmt"/>
        <line num="13" count="4" type="stmt"/>
        <line num="15" count="4" type="stmt"/>
        <line num="16" count="0" type="stmt"/>
        <line num="17" count="0" type="stmt"/>
        <line num="20" count="4" type="stmt"/>
        <line num="21" count="1" type="stmt"/>
        <line num="22" count="0" type="cond" truecount="0" falsecount="2"/>
        <line num="24" count="1" type="stmt"/>
        <line num="25" count="0" type="stmt"/>
        <line num="27" count="1" type="stmt"/>
        <line num="28" count="1" type="stmt"/>
        <line num="31" count="4" type="cond" truecount="3" falsecount="0"/>
        <line num="32" count="4" type="cond" truecount="2" falsecount="0"/>
        <line num="33" count="2" type="stmt"/>
        <line num="35" count="2" type="stmt"/>
        <line num="50" count="1" type="stmt"/>
        <line num="58" count="1" type="stmt"/>
      </file>
    </package>
    <package name="Utils">
      <metrics statements="15" coveredstatements="8" conditionals="6" coveredconditionals="5" methods="6" coveredmethods="3"/>
      <file name="callback.js" path="/Users/jordan.quinn/ayx-ui-sdk/src/Utils/callback.js">
        <metrics statements="8" coveredstatements="1" conditionals="1" coveredconditionals="0" methods="3" coveredmethods="0"/>
        <line num="3" count="1" type="cond" truecount="0" falsecount="1"/>
        <line num="4" count="0" type="stmt"/>
        <line num="5" count="0" type="stmt"/>
        <line num="6" count="0" type="stmt"/>
        <line num="7" count="0" type="stmt"/>
        <line num="11" count="0" type="stmt"/>
        <line num="18" count="0" type="stmt"/>
        <line num="19" count="0" type="stmt"/>
      </file>
      <file name="communication.js" path="/Users/jordan.quinn/ayx-ui-sdk/src/Utils/communication.js">
        <metrics statements="3" coveredstatements="3" conditionals="0" coveredconditionals="0" methods="2" coveredmethods="2"/>
        <line num="1" count="2" type="stmt"/>
        <line num="3" count="2" type="stmt"/>
        <line num="4" count="10" type="stmt"/>
      </file>
      <file name="pageBuilder.js" path="/Users/jordan.quinn/ayx-ui-sdk/src/Utils/pageBuilder.js">
        <metrics statements="4" coveredstatements="4" conditionals="5" coveredconditionals="5" methods="1" coveredmethods="1"/>
        <line num="1" count="1" type="stmt"/>
        <line num="2" count="4" type="cond" truecount="5" falsecount="0"/>
        <line num="3" count="3" type="stmt"/>
        <line num="6" count="1" type="stmt"/>
      </file>
    </package>
  </project>
</coverage>
