<?xml version="1.0" encoding="UTF-8"?>
<coverage generated="1596130480543" clover="3.2.0">
  <project timestamp="1596130480543" name="All files">
    <metrics statements="25" coveredstatements="22" conditionals="15" coveredconditionals="7" methods="8" coveredmethods="6" elements="48" coveredelements="35" complexity="0" loc="25" ncloc="25" packages="4" files="5" classes="5"/>
    <package name="Context">
      <metrics statements="1" coveredstatements="1" conditionals="0" coveredconditionals="0" methods="0" coveredmethods="0"/>
      <file name="index.js" path="/Users/jordan.quinn/ayx-ui-sdk/src/Context/index.js">
        <metrics statements="1" coveredstatements="1" conditionals="0" coveredconditionals="0" methods="0" coveredmethods="0"/>
        <line num="3" count="1" type="stmt"/>
      </file>
    </package>
    <package name="Core.AyxAppWrapper">
      <metrics statements="0" coveredstatements="0" conditionals="0" coveredconditionals="0" methods="0" coveredmethods="0"/>
      <file name="index.js" path="/Users/jordan.quinn/ayx-ui-sdk/src/Core/AyxAppWrapper/index.js">
        <metrics statements="0" coveredstatements="0" conditionals="0" coveredconditionals="0" methods="0" coveredmethods="0"/>
      </file>
    </package>
    <package name="Provider">
      <metrics statements="15" coveredstatements="12" conditionals="10" coveredconditionals="2" methods="4" coveredmethods="2"/>
      <file name="Provider.js" path="/Users/jordan.quinn/ayx-ui-sdk/src/Provider/Provider.js">
        <metrics statements="15" coveredstatements="12" conditionals="10" coveredconditionals="2" methods="4" coveredmethods="2"/>
        <line num="8" count="1" type="stmt"/>
        <line num="9" count="3" type="cond" truecount="1" falsecount="1"/>
        <line num="10" count="3" type="stmt"/>
        <line num="12" count="3" type="stmt"/>
        <line num="13" count="1" type="stmt"/>
        <line num="14" count="0" type="cond" truecount="0" falsecount="2"/>
        <line num="15" count="0" type="stmt"/>
        <line num="18" count="1" type="stmt"/>
        <line num="20" count="1" type="stmt"/>
        <line num="21" count="0" type="stmt"/>
        <line num="25" count="3" type="cond" truecount="0" falsecount="4"/>
        <line num="26" count="3" type="stmt"/>
        <line num="27" count="3" type="stmt"/>
        <line num="42" count="1" type="stmt"/>
        <line num="46" count="1" type="stmt"/>
      </file>
    </package>
    <package name="Utils">
      <metrics statements="9" coveredstatements="9" conditionals="5" coveredconditionals="5" methods="4" coveredmethods="4"/>
      <file name="communication.js" path="/Users/jordan.quinn/ayx-ui-sdk/src/Utils/communication.js">
        <metrics statements="5" coveredstatements="5" conditionals="0" coveredconditionals="0" methods="3" coveredmethods="3"/>
        <line num="1" count="2" type="stmt"/>
        <line num="3" count="2" type="stmt"/>
        <line num="4" count="10" type="stmt"/>
        <line num="7" count="2" type="stmt"/>
        <line num="8" count="1" type="stmt"/>
      </file>
      <file name="pageBuilder.js" path="/Users/jordan.quinn/ayx-ui-sdk/src/Utils/pageBuilder.js">
        <metrics statements="4" coveredstatements="4" conditionals="5" coveredconditionals="5" methods="1" coveredmethods="1"/>
        <line num="1" count="1" type="stmt"/>
        <line num="2" count="4" type="cond" truecount="5" falsecount="0"/>
        <line num="3" count="3" type="stmt"/>
        <line num="6" count="1" type="stmt"/>
      </file>
    </package>
  </project>
</coverage>
