{"/Users/jordan.quinn/ayx-ui-sdk/src/Context/index.js": {"path":"/Users/jordan.quinn/ayx-ui-sdk/src/Context/index.js","statementMap":{"0":{"start":{"line":3,"column":21},"end":{"line":3,"column":46}}},"fnMap":{},"branchMap":{},"s":{"0":1},"f":{},"b":{},"_coverageSchema":"1a1c01bbd47fc00a2c39e90264f33305004495a9","hash":"44b1bb43d4ded9aa922fe2d8c1d212aef254f584"}
,"/Users/jordan.quinn/ayx-ui-sdk/src/DesignerMessageApi/DesignerMessageApi.js": {"path":"/Users/jordan.quinn/ayx-ui-sdk/src/DesignerMessageApi/DesignerMessageApi.js","statementMap":{"0":{"start":{"line":6,"column":4},"end":{"line":6,"column":23}},"1":{"start":{"line":7,"column":4},"end":{"line":10,"column":6}},"2":{"start":{"line":11,"column":4},"end":{"line":11,"column":35}},"3":{"start":{"line":12,"column":4},"end":{"line":16,"column":6}},"4":{"start":{"line":13,"column":6},"end":{"line":15,"column":7}},"5":{"start":{"line":14,"column":8},"end":{"line":14,"column":72}},"6":{"start":{"line":17,"column":4},"end":{"line":27,"column":6}},"7":{"start":{"line":18,"column":22},"end":{"line":25,"column":7}},"8":{"start":{"line":26,"column":6},"end":{"line":26,"column":66}},"9":{"start":{"line":30,"column":16},"end":{"line":32,"column":3}},"10":{"start":{"line":31,"column":4},"end":{"line":31,"column":50}},"11":{"start":{"line":34,"column":14},"end":{"line":36,"column":3}},"12":{"start":{"line":35,"column":4},"end":{"line":35,"column":44}},"13":{"start":{"line":39,"column":4},"end":{"line":39,"column":44}},"14":{"start":{"line":43,"column":4},"end":{"line":43,"column":36}}},"fnMap":{"0":{"name":"(anonymous_0)","decl":{"start":{"line":5,"column":2},"end":{"line":5,"column":3}},"loc":{"start":{"line":5,"column":19},"end":{"line":28,"column":3}},"line":5},"1":{"name":"(anonymous_1)","decl":{"start":{"line":12,"column":40},"end":{"line":12,"column":41}},"loc":{"start":{"line":12,"column":68},"end":{"line":16,"column":5}},"line":12},"2":{"name":"(anonymous_2)","decl":{"start":{"line":17,"column":40},"end":{"line":17,"column":41}},"loc":{"start":{"line":17,"column":46},"end":{"line":27,"column":5}},"line":17},"3":{"name":"(anonymous_3)","decl":{"start":{"line":30,"column":16},"end":{"line":30,"column":17}},"loc":{"start":{"line":30,"column":35},"end":{"line":32,"column":3}},"line":30},"4":{"name":"(anonymous_4)","decl":{"start":{"line":34,"column":14},"end":{"line":34,"column":15}},"loc":{"start":{"line":34,"column":35},"end":{"line":36,"column":3}},"line":34},"5":{"name":"(anonymous_5)","decl":{"start":{"line":38,"column":2},"end":{"line":38,"column":3}},"loc":{"start":{"line":38,"column":21},"end":{"line":40,"column":3}},"line":38},"6":{"name":"(anonymous_6)","decl":{"start":{"line":42,"column":2},"end":{"line":42,"column":3}},"loc":{"start":{"line":42,"column":31},"end":{"line":44,"column":3}},"line":42}},"branchMap":{"0":{"loc":{"start":{"line":13,"column":6},"end":{"line":15,"column":7}},"type":"if","locations":[{"start":{"line":13,"column":6},"end":{"line":15,"column":7}},{"start":{"line":13,"column":6},"end":{"line":15,"column":7}}],"line":13}},"s":{"0":9,"1":9,"2":9,"3":9,"4":1,"5":1,"6":9,"7":2,"8":2,"9":9,"10":1,"11":9,"12":4,"13":9,"14":0},"f":{"0":9,"1":1,"2":2,"3":1,"4":4,"5":9,"6":0},"b":{"0":[1,0]},"_coverageSchema":"1a1c01bbd47fc00a2c39e90264f33305004495a9","hash":"41581ab4a69d37fb001f16d2fbfcd3100d179886"}
,"/Users/jordan.quinn/ayx-ui-sdk/src/Provider/Provider.js": {"path":"/Users/jordan.quinn/ayx-ui-sdk/src/Provider/Provider.js","statementMap":{"0":{"start":{"line":10,"column":17},"end":{"line":50,"column":1}},"1":{"start":{"line":11,"column":38},"end":{"line":11,"column":43}},"2":{"start":{"line":12,"column":45},"end":{"line":12,"column":57}},"3":{"start":{"line":13,"column":31},"end":{"line":13,"column":61}},"4":{"start":{"line":15,"column":28},"end":{"line":18,"column":3}},"5":{"start":{"line":16,"column":4},"end":{"line":16,"column":26}},"6":{"start":{"line":17,"column":4},"end":{"line":17,"column":36}},"7":{"start":{"line":20,"column":2},"end":{"line":33,"column":9}},"8":{"start":{"line":21,"column":32},"end":{"line":23,"column":5}},"9":{"start":{"line":22,"column":6},"end":{"line":22,"column":81}},"10":{"start":{"line":22,"column":41},"end":{"line":22,"column":81}},"11":{"start":{"line":24,"column":37},"end":{"line":26,"column":5}},"12":{"start":{"line":25,"column":6},"end":{"line":25,"column":37}},"13":{"start":{"line":27,"column":4},"end":{"line":27,"column":69}},"14":{"start":{"line":28,"column":4},"end":{"line":28,"column":71}},"15":{"start":{"line":30,"column":4},"end":{"line":32,"column":6}},"16":{"start":{"line":31,"column":6},"end":{"line":31,"column":46}},"17":{"start":{"line":35,"column":95},"end":{"line":35,"column":107}},"18":{"start":{"line":37,"column":2},"end":{"line":49,"column":4}},"19":{"start":{"line":52,"column":0},"end":{"line":58,"column":2}},"20":{"start":{"line":60,"column":0},"end":{"line":62,"column":2}}},"fnMap":{"0":{"name":"(anonymous_0)","decl":{"start":{"line":10,"column":17},"end":{"line":10,"column":18}},"loc":{"start":{"line":10,"column":26},"end":{"line":50,"column":1}},"line":10},"1":{"name":"(anonymous_1)","decl":{"start":{"line":15,"column":28},"end":{"line":15,"column":29}},"loc":{"start":{"line":15,"column":40},"end":{"line":18,"column":3}},"line":15},"2":{"name":"(anonymous_2)","decl":{"start":{"line":20,"column":12},"end":{"line":20,"column":13}},"loc":{"start":{"line":20,"column":18},"end":{"line":33,"column":3}},"line":20},"3":{"name":"(anonymous_3)","decl":{"start":{"line":21,"column":32},"end":{"line":21,"column":33}},"loc":{"start":{"line":21,"column":46},"end":{"line":23,"column":5}},"line":21},"4":{"name":"(anonymous_4)","decl":{"start":{"line":24,"column":37},"end":{"line":24,"column":38}},"loc":{"start":{"line":24,"column":45},"end":{"line":26,"column":5}},"line":24},"5":{"name":"cleanUp","decl":{"start":{"line":30,"column":20},"end":{"line":30,"column":27}},"loc":{"start":{"line":30,"column":30},"end":{"line":32,"column":5}},"line":30}},"branchMap":{"0":{"loc":{"start":{"line":22,"column":6},"end":{"line":22,"column":81}},"type":"if","locations":[{"start":{"line":22,"column":6},"end":{"line":22,"column":81}},{"start":{"line":22,"column":6},"end":{"line":22,"column":81}}],"line":22},"1":{"loc":{"start":{"line":35,"column":10},"end":{"line":35,"column":26}},"type":"default-arg","locations":[{"start":{"line":35,"column":21},"end":{"line":35,"column":26}}],"line":35},"2":{"loc":{"start":{"line":35,"column":28},"end":{"line":35,"column":45}},"type":"default-arg","locations":[{"start":{"line":35,"column":43},"end":{"line":35,"column":45}}],"line":35},"3":{"loc":{"start":{"line":35,"column":47},"end":{"line":35,"column":90}},"type":"default-arg","locations":[{"start":{"line":35,"column":56},"end":{"line":35,"column":90}}],"line":35},"4":{"loc":{"start":{"line":35,"column":56},"end":{"line":35,"column":90}},"type":"binary-expr","locations":[{"start":{"line":35,"column":56},"end":{"line":35,"column":82}},{"start":{"line":35,"column":86},"end":{"line":35,"column":90}}],"line":35},"5":{"loc":{"start":{"line":43,"column":21},"end":{"line":43,"column":48}},"type":"cond-expr","locations":[{"start":{"line":43,"column":32},"end":{"line":43,"column":38}},{"start":{"line":43,"column":41},"end":{"line":43,"column":48}}],"line":43}},"s":{"0":1,"1":8,"2":8,"3":8,"4":8,"5":2,"6":2,"7":8,"8":3,"9":0,"10":0,"11":3,"12":0,"13":3,"14":3,"15":3,"16":0,"17":8,"18":8,"19":1,"20":1},"f":{"0":8,"1":2,"2":3,"3":0,"4":0,"5":0},"b":{"0":[0,0],"1":[8],"2":[8],"3":[8],"4":[8,8],"5":[0,8]},"_coverageSchema":"1a1c01bbd47fc00a2c39e90264f33305004495a9","hash":"4377f668a21bfe081af1779b9c2837bee4189411"}
,"/Users/jordan.quinn/ayx-ui-sdk/src/Utils/Communication.js": {"path":"/Users/jordan.quinn/ayx-ui-sdk/src/Utils/Communication.js","statementMap":{"0":{"start":{"line":1,"column":21},"end":{"line":1,"column":117}},"1":{"start":{"line":3,"column":34},"end":{"line":5,"column":1}},"2":{"start":{"line":4,"column":2},"end":{"line":4,"column":44}},"3":{"start":{"line":4,"column":32},"end":{"line":4,"column":42}}},"fnMap":{"0":{"name":"(anonymous_0)","decl":{"start":{"line":3,"column":34},"end":{"line":3,"column":35}},"loc":{"start":{"line":3,"column":42},"end":{"line":5,"column":1}},"line":3},"1":{"name":"(anonymous_1)","decl":{"start":{"line":4,"column":27},"end":{"line":4,"column":28}},"loc":{"start":{"line":4,"column":32},"end":{"line":4,"column":42}},"line":4}},"branchMap":{},"s":{"0":2,"1":2,"2":2,"3":10},"f":{"0":2,"1":10},"b":{},"_coverageSchema":"1a1c01bbd47fc00a2c39e90264f33305004495a9","hash":"b86fd0f6dde71d5c7fbed3a727d976d8583446eb"}
,"/Users/jordan.quinn/ayx-ui-sdk/src/Utils/PageBuilder.js": {"path":"/Users/jordan.quinn/ayx-ui-sdk/src/Utils/PageBuilder.js","statementMap":{"0":{"start":{"line":1,"column":27},"end":{"line":32,"column":1}},"1":{"start":{"line":2,"column":2},"end":{"line":4,"column":3}},"2":{"start":{"line":3,"column":4},"end":{"line":3,"column":51}},"3":{"start":{"line":6,"column":2},"end":{"line":31,"column":13}}},"fnMap":{"0":{"name":"(anonymous_0)","decl":{"start":{"line":1,"column":27},"end":{"line":1,"column":28}},"loc":{"start":{"line":1,"column":79},"end":{"line":32,"column":1}},"line":1}},"branchMap":{"0":{"loc":{"start":{"line":2,"column":2},"end":{"line":4,"column":3}},"type":"if","locations":[{"start":{"line":2,"column":2},"end":{"line":4,"column":3}},{"start":{"line":2,"column":2},"end":{"line":4,"column":3}}],"line":2},"1":{"loc":{"start":{"line":2,"column":6},"end":{"line":2,"column":59}},"type":"binary-expr","locations":[{"start":{"line":2,"column":6},"end":{"line":2,"column":19}},{"start":{"line":2,"column":23},"end":{"line":2,"column":40}},{"start":{"line":2,"column":44},"end":{"line":2,"column":59}}],"line":2}},"s":{"0":1,"1":4,"2":3,"3":1},"f":{"0":4},"b":{"0":[3,1],"1":[4,3,2]},"_coverageSchema":"1a1c01bbd47fc00a2c39e90264f33305004495a9","hash":"30e7e641ca0e3ef694fe29af9ef1426b6f9876b4"}
,"/Users/jordan.quinn/ayx-ui-sdk/src/Utils/callback.js": {"path":"/Users/jordan.quinn/ayx-ui-sdk/src/Utils/callback.js","statementMap":{"0":{"start":{"line":3,"column":23},"end":{"line":20,"column":1}},"1":{"start":{"line":4,"column":33},"end":{"line":4,"column":41}},"2":{"start":{"line":5,"column":26},"end":{"line":9,"column":4}},"3":{"start":{"line":6,"column":4},"end":{"line":8,"column":6}},"4":{"start":{"line":7,"column":6},"end":{"line":7,"column":29}},"5":{"start":{"line":11,"column":29},"end":{"line":16,"column":3}},"6":{"start":{"line":18,"column":2},"end":{"line":18,"column":54}},"7":{"start":{"line":19,"column":2},"end":{"line":19,"column":25}}},"fnMap":{"0":{"name":"(anonymous_0)","decl":{"start":{"line":3,"column":23},"end":{"line":3,"column":24}},"loc":{"start":{"line":3,"column":54},"end":{"line":20,"column":1}},"line":3},"1":{"name":"(anonymous_1)","decl":{"start":{"line":5,"column":38},"end":{"line":5,"column":39}},"loc":{"start":{"line":5,"column":45},"end":{"line":9,"column":3}},"line":5},"2":{"name":"(anonymous_2)","decl":{"start":{"line":6,"column":52},"end":{"line":6,"column":53}},"loc":{"start":{"line":6,"column":68},"end":{"line":8,"column":5}},"line":6}},"branchMap":{"0":{"loc":{"start":{"line":3,"column":40},"end":{"line":3,"column":49}},"type":"default-arg","locations":[{"start":{"line":3,"column":47},"end":{"line":3,"column":49}}],"line":3}},"s":{"0":2,"1":3,"2":3,"3":3,"4":0,"5":3,"6":3,"7":3},"f":{"0":3,"1":3,"2":0},"b":{"0":[0]},"_coverageSchema":"1a1c01bbd47fc00a2c39e90264f33305004495a9","hash":"42a348feac5ef87be27a4b3153ca116b3c053855"}
}
