{"/Users/jordan.quinn/ayx-ui-sdk/src/Context/index.js": {"path":"/Users/jordan.quinn/ayx-ui-sdk/src/Context/index.js","statementMap":{"0":{"start":{"line":3,"column":21},"end":{"line":3,"column":46}}},"fnMap":{},"branchMap":{},"s":{"0":1},"f":{},"b":{},"_coverageSchema":"1a1c01bbd47fc00a2c39e90264f33305004495a9","hash":"44b1bb43d4ded9aa922fe2d8c1d212aef254f584"}
,"/Users/jordan.quinn/ayx-ui-sdk/src/Core/AyxAppWrapper/index.js": {"path":"/Users/jordan.quinn/ayx-ui-sdk/src/Core/AyxAppWrapper/index.js","statementMap":{},"fnMap":{},"branchMap":{},"s":{},"f":{},"b":{},"_coverageSchema":"1a1c01bbd47fc00a2c39e90264f33305004495a9","hash":"c695efa21267720efb4fbd3cad8906d60ae75c11"}
,"/Users/jordan.quinn/ayx-ui-sdk/src/Provider/Provider.js": {"path":"/Users/jordan.quinn/ayx-ui-sdk/src/Provider/Provider.js","statementMap":{"0":{"start":{"line":8,"column":17},"end":{"line":39,"column":1}},"1":{"start":{"line":9,"column":23},"end":{"line":9,"column":28}},"2":{"start":{"line":10,"column":45},"end":{"line":10,"column":74}},"3":{"start":{"line":12,"column":33},"end":{"line":16,"column":3}},"4":{"start":{"line":13,"column":4},"end":{"line":15,"column":5}},"5":{"start":{"line":14,"column":6},"end":{"line":14,"column":63}},"6":{"start":{"line":17,"column":2},"end":{"line":23,"column":9}},"7":{"start":{"line":18,"column":4},"end":{"line":18,"column":63}},"8":{"start":{"line":20,"column":4},"end":{"line":22,"column":6}},"9":{"start":{"line":21,"column":6},"end":{"line":21,"column":68}},"10":{"start":{"line":25,"column":52},"end":{"line":25,"column":64}},"11":{"start":{"line":26,"column":2},"end":{"line":38,"column":4}},"12":{"start":{"line":41,"column":0},"end":{"line":43,"column":2}},"13":{"start":{"line":45,"column":0},"end":{"line":47,"column":2}}},"fnMap":{"0":{"name":"(anonymous_0)","decl":{"start":{"line":8,"column":17},"end":{"line":8,"column":18}},"loc":{"start":{"line":8,"column":26},"end":{"line":39,"column":1}},"line":8},"1":{"name":"(anonymous_1)","decl":{"start":{"line":12,"column":33},"end":{"line":12,"column":34}},"loc":{"start":{"line":12,"column":47},"end":{"line":16,"column":3}},"line":12},"2":{"name":"(anonymous_2)","decl":{"start":{"line":17,"column":12},"end":{"line":17,"column":13}},"loc":{"start":{"line":17,"column":18},"end":{"line":23,"column":3}},"line":17},"3":{"name":"removeEventListener","decl":{"start":{"line":20,"column":20},"end":{"line":20,"column":39}},"loc":{"start":{"line":20,"column":42},"end":{"line":22,"column":5}},"line":20}},"branchMap":{"0":{"loc":{"start":{"line":13,"column":4},"end":{"line":15,"column":5}},"type":"if","locations":[{"start":{"line":13,"column":4},"end":{"line":15,"column":5}},{"start":{"line":13,"column":4},"end":{"line":15,"column":5}}],"line":13},"1":{"loc":{"start":{"line":32,"column":21},"end":{"line":32,"column":48}},"type":"cond-expr","locations":[{"start":{"line":32,"column":32},"end":{"line":32,"column":38}},{"start":{"line":32,"column":41},"end":{"line":32,"column":48}}],"line":32}},"s":{"0":1,"1":3,"2":3,"3":3,"4":0,"5":0,"6":3,"7":1,"8":1,"9":0,"10":3,"11":3,"12":1,"13":1},"f":{"0":3,"1":0,"2":1,"3":0},"b":{"0":[0,0],"1":[0,3]},"_coverageSchema":"1a1c01bbd47fc00a2c39e90264f33305004495a9","hash":"269ca612eafef5a42a3cd61cdedd8c145ce1754b"}
,"/Users/jordan.quinn/ayx-ui-sdk/src/Utils/communication.js": {"path":"/Users/jordan.quinn/ayx-ui-sdk/src/Utils/communication.js","statementMap":{"0":{"start":{"line":1,"column":21},"end":{"line":1,"column":117}},"1":{"start":{"line":3,"column":34},"end":{"line":5,"column":1}},"2":{"start":{"line":4,"column":2},"end":{"line":4,"column":44}},"3":{"start":{"line":4,"column":32},"end":{"line":4,"column":42}},"4":{"start":{"line":7,"column":35},"end":{"line":9,"column":1}},"5":{"start":{"line":8,"column":2},"end":{"line":8,"column":54}}},"fnMap":{"0":{"name":"(anonymous_0)","decl":{"start":{"line":3,"column":34},"end":{"line":3,"column":35}},"loc":{"start":{"line":3,"column":42},"end":{"line":5,"column":1}},"line":3},"1":{"name":"(anonymous_1)","decl":{"start":{"line":4,"column":27},"end":{"line":4,"column":28}},"loc":{"start":{"line":4,"column":32},"end":{"line":4,"column":42}},"line":4},"2":{"name":"(anonymous_2)","decl":{"start":{"line":7,"column":35},"end":{"line":7,"column":36}},"loc":{"start":{"line":7,"column":59},"end":{"line":9,"column":1}},"line":7}},"branchMap":{},"s":{"0":2,"1":2,"2":2,"3":10,"4":2,"5":1},"f":{"0":2,"1":10,"2":1},"b":{},"_coverageSchema":"1a1c01bbd47fc00a2c39e90264f33305004495a9","hash":"caee8ac48f0595bab74eee60d8b7620498606c2f"}
,"/Users/jordan.quinn/ayx-ui-sdk/src/Utils/pageBuilder.js": {"path":"/Users/jordan.quinn/ayx-ui-sdk/src/Utils/pageBuilder.js","statementMap":{"0":{"start":{"line":1,"column":27},"end":{"line":32,"column":1}},"1":{"start":{"line":2,"column":2},"end":{"line":4,"column":3}},"2":{"start":{"line":3,"column":4},"end":{"line":3,"column":51}},"3":{"start":{"line":6,"column":2},"end":{"line":31,"column":13}}},"fnMap":{"0":{"name":"(anonymous_0)","decl":{"start":{"line":1,"column":27},"end":{"line":1,"column":28}},"loc":{"start":{"line":1,"column":79},"end":{"line":32,"column":1}},"line":1}},"branchMap":{"0":{"loc":{"start":{"line":2,"column":2},"end":{"line":4,"column":3}},"type":"if","locations":[{"start":{"line":2,"column":2},"end":{"line":4,"column":3}},{"start":{"line":2,"column":2},"end":{"line":4,"column":3}}],"line":2},"1":{"loc":{"start":{"line":2,"column":6},"end":{"line":2,"column":59}},"type":"binary-expr","locations":[{"start":{"line":2,"column":6},"end":{"line":2,"column":19}},{"start":{"line":2,"column":23},"end":{"line":2,"column":40}},{"start":{"line":2,"column":44},"end":{"line":2,"column":59}}],"line":2}},"s":{"0":1,"1":4,"2":3,"3":1},"f":{"0":4},"b":{"0":[3,1],"1":[4,3,2]},"_coverageSchema":"1a1c01bbd47fc00a2c39e90264f33305004495a9","hash":"924878c9de2e75f5b800a8f925473988c3a89d92"}
}
