TN:
SF:src/Context/index.js
FNF:0
FNH:0
DA:3,1
LF:1
LH:1
BRF:0
BRH:0
end_of_record
TN:
SF:src/Core/AyxAppWrapper/index.js
FNF:0
FNH:0
LF:0
LH:0
BRF:0
BRH:0
end_of_record
TN:
SF:src/DesignerMessageApi/DesignerMessageApi.js
FN:5,(anonymous_0)
FN:9,(anonymous_1)
FN:14,(anonymous_2)
FN:19,(anonymous_3)
FN:23,(anonymous_4)
FN:27,(anonymous_5)
FN:31,(anonymous_6)
FNF:7
FNH:6
FNDA:8,(anonymous_0)
FNDA:1,(anonymous_1)
FNDA:1,(anonymous_2)
FNDA:1,(anonymous_3)
FNDA:2,(anonymous_4)
FNDA:1,(anonymous_5)
FNDA:0,(anonymous_6)
DA:6,8
DA:7,8
DA:8,8
DA:9,8
DA:10,1
DA:11,1
DA:14,8
DA:15,1
DA:19,8
DA:20,1
DA:23,8
DA:24,2
DA:28,1
DA:32,0
LF:14
LH:13
BRDA:10,0,0,1
BRDA:10,0,1,0
BRF:2
BRH:1
end_of_record
TN:
SF:src/Provider/Provider.js
FN:10,(anonymous_0)
FN:15,(anonymous_1)
FN:20,(anonymous_2)
FN:21,(anonymous_3)
FN:24,(anonymous_4)
FNF:5
FNH:3
FNDA:6,(anonymous_0)
FNDA:1,(anonymous_1)
FNDA:2,(anonymous_2)
FNDA:0,(anonymous_3)
FNDA:0,(anonymous_4)
DA:10,1
DA:11,6
DA:12,6
DA:13,6
DA:15,6
DA:16,1
DA:17,1
DA:20,6
DA:21,2
DA:22,0
DA:24,2
DA:25,0
DA:27,2
DA:28,2
DA:31,6
DA:33,6
DA:48,1
DA:56,1
LF:18
LH:16
BRDA:22,0,0,0
BRDA:22,0,1,0
BRDA:31,1,0,6
BRDA:31,2,0,6
BRDA:31,3,0,6
BRDA:39,4,0,0
BRDA:39,4,1,6
BRF:7
BRH:4
end_of_record
TN:
SF:src/Utils/callback.js
FN:3,(anonymous_0)
FN:5,(anonymous_1)
FN:6,(anonymous_2)
FNF:3
FNH:2
FNDA:2,(anonymous_0)
FNDA:2,(anonymous_1)
FNDA:0,(anonymous_2)
DA:3,2
DA:4,2
DA:5,2
DA:6,2
DA:7,0
DA:11,2
DA:18,2
DA:19,2
LF:8
LH:7
BRDA:3,0,0,0
BRF:1
BRH:0
end_of_record
TN:
SF:src/Utils/communication.js
FN:3,(anonymous_0)
FN:4,(anonymous_1)
FNF:2
FNH:2
FNDA:2,(anonymous_0)
FNDA:10,(anonymous_1)
DA:1,2
DA:3,2
DA:4,10
LF:3
LH:3
BRF:0
BRH:0
end_of_record
TN:
SF:src/Utils/pageBuilder.js
FN:1,(anonymous_0)
FNF:1
FNH:1
FNDA:4,(anonymous_0)
DA:1,1
DA:2,4
DA:3,3
DA:6,1
LF:4
LH:4
BRDA:2,0,0,3
BRDA:2,0,1,1
BRDA:2,1,0,4
BRDA:2,1,1,3
BRDA:2,1,2,2
BRF:5
BRH:5
end_of_record
